<?xml version="1.0" encoding="UTF-8"?>
<testsuite name="TestAES" tests="3" skipped="0" failures="0" errors="0" timestamp="2017-09-15T20:02:48" hostname="nivesh-pc" time="8.89">
  <properties/>
  <testcase name="testGetKeyvalidinput" classname="TestAES" time="5.412"/>
  <testcase name="testgetEncryptcipher" classname="TestAES" time="1.773"/>
  <testcase name="testgetDecryptcipher" classname="TestAES" time="1.705"/>
  <system-out><![CDATA[password key iteration time 1.757095217
password key iteration time 1.736488938
password key iteration time 1.688446923
password key iteration time 1.685918372
javax.crypto.Cipher@16fb203
password key iteration time 1.687598713
javax.crypto.Cipher@18c7095
]]></system-out>
  <system-err><![CDATA[]]></system-err>
</testsuite>
